<?xml version="1.0" encoding="UTF-8"?>
<testsuite xmlns:xsi="http://www.w3.org/2001/XMLSchema-instance" xsi:noNamespaceSchemaLocation="https://maven.apache.org/surefire/maven-surefire-plugin/xsd/surefire-test-report-3.0.xsd" version="3.0" name="TestSuite" time="6.728" tests="9" errors="0" skipped="7" failures="2">
  <properties>
[...]
</properties>
  <testcase name="setup" classname="com.grampower.testcases.TC_GrampowerLoginPageTest" time="4.088">
    <failure message="Cannot invoke &quot;org.openqa.selenium.WebDriver.findElement(org.openqa.selenium.By)&quot; because &quot;this.ldriver&quot; is null" type="java.lang.NullPointerException"><![CDATA[java.lang.NullPointerException: Cannot invoke "org.openqa.selenium.WebDriver.findElement(org.openqa.selenium.By)" because "this.ldriver" is null
	at com.grampower.pageobject.validateMeterCount.<init>(validateMeterCount.java:35)
	at com.grampower.testcases.BaseClass.setup(BaseClass.java:112)
	at java.base/jdk.internal.reflect.DirectMethodHandleAccessor.invoke(DirectMethodHandleAccessor.java:104)
	at java.base/java.lang.reflect.Method.invoke(Method.java:577)
	at org.testng.internal.MethodInvocationHelper.invokeMethod(MethodInvocationHelper.java:133)
	at org.testng.internal.MethodInvocationHelper.invokeMethodConsideringTimeout(MethodInvocationHelper.java:62)
	at org.testng.internal.ConfigInvoker.invokeConfigurationMethod(ConfigInvoker.java:385)
	at org.testng.internal.ConfigInvoker.invokeConfigurations(ConfigInvoker.java:321)
	at org.testng.internal.TestMethodWorker.invokeBeforeClassMethods(TestMethodWorker.java:176)
	at org.testng.internal.TestMethodWorker.run(TestMethodWorker.java:122)
	at java.base/java.util.ArrayList.forEach(ArrayList.java:1511)
	at org.testng.TestRunner.privateRun(TestRunner.java:794)
	at org.testng.TestRunner.run(TestRunner.java:596)
	at org.testng.SuiteRunner.runTest(SuiteRunner.java:377)
	at org.testng.SuiteRunner.runSequentially(SuiteRunner.java:371)
	at org.testng.SuiteRunner.privateRun(SuiteRunner.java:332)
	at org.testng.SuiteRunner.run(SuiteRunner.java:276)
	at org.testng.SuiteRunnerWorker.runSuite(SuiteRunnerWorker.java:53)
	at org.testng.SuiteRunnerWorker.run(SuiteRunnerWorker.java:96)
	at org.testng.TestNG.runSuitesSequentially(TestNG.java:1212)
	at org.testng.TestNG.runSuitesLocally(TestNG.java:1134)
	at org.testng.TestNG.runSuites(TestNG.java:1063)
	at org.testng.TestNG.run(TestNG.java:1031)
	at org.apache.maven.surefire.testng.TestNGExecutor.run(TestNGExecutor.java:324)
	at org.apache.maven.surefire.testng.TestNGXmlTestSuite.execute(TestNGXmlTestSuite.java:74)
	at org.apache.maven.surefire.testng.TestNGProvider.invoke(TestNGProvider.java:123)
	at org.apache.maven.surefire.booter.ForkedBooter.runSuitesInProcess(ForkedBooter.java:456)
	at org.apache.maven.surefire.booter.ForkedBooter.execute(ForkedBooter.java:169)
	at org.apache.maven.surefire.booter.ForkedBooter.run(ForkedBooter.java:595)
	at org.apache.maven.surefire.booter.ForkedBooter.main(ForkedBooter.java:581)
]]></failure>
    <system-out><![CDATA[On Start method invoked....
[DEBUG] 2023-10-25 08:57:30.572 [main] InternalLoggerFactory - Using Log4J2 as the default logging framework
[DEBUG] 2023-10-25 08:57:30.590 [main] ResourceLeakDetector - -Dio.netty.leakDetection.level: simple
[DEBUG] 2023-10-25 08:57:30.591 [main] ResourceLeakDetector - -Dio.netty.leakDetection.targetRecords: 4
[DEBUG] 2023-10-25 08:57:30.594 [main] ResourceLeakDetectorFactory - Loaded default ResourceLeakDetector: io.netty.util.ResourceLeakDetector@2ab2710
[DEBUG] 2023-10-25 08:57:30.611 [main] PlatformDependent0 - -Dio.netty.noUnsafe: false
[DEBUG] 2023-10-25 08:57:30.612 [main] PlatformDependent0 - Java version: 18
[DEBUG] 2023-10-25 08:57:30.613 [main] PlatformDependent0 - sun.misc.Unsafe.theUnsafe: available
[DEBUG] 2023-10-25 08:57:30.613 [main] PlatformDependent0 - sun.misc.Unsafe.copyMemory: available
[DEBUG] 2023-10-25 08:57:30.614 [main] PlatformDependent0 - sun.misc.Unsafe.storeFence: available
[DEBUG] 2023-10-25 08:57:30.614 [main] PlatformDependent0 - java.nio.Buffer.address: available
[DEBUG] 2023-10-25 08:57:30.614 [main] PlatformDependent0 - direct buffer constructor: unavailable: Reflective setAccessible(true) disabled
[DEBUG] 2023-10-25 08:57:30.614 [main] PlatformDependent0 - java.nio.Bits.unaligned: available, true
[DEBUG] 2023-10-25 08:57:30.615 [main] PlatformDependent0 - jdk.internal.misc.Unsafe.allocateUninitializedArray(int): unavailable: class io.netty.util.internal.PlatformDependent0$7 cannot access class jdk.internal.misc.Unsafe (in module java.base) because module java.base does not export jdk.internal.misc to unnamed module @19d37183
[DEBUG] 2023-10-25 08:57:30.617 [main] PlatformDependent0 - java.nio.DirectByteBuffer.<init>(long, int): unavailable
[DEBUG] 2023-10-25 08:57:30.617 [main] PlatformDependent - sun.misc.Unsafe: available
[DEBUG] 2023-10-25 08:57:30.617 [main] PlatformDependent - maxDirectMemory: 2113929216 bytes (maybe)
[DEBUG] 2023-10-25 08:57:30.617 [main] PlatformDependent - -Dio.netty.tmpdir: C:\Users\Lenovo\AppData\Local\Temp (java.io.tmpdir)
[DEBUG] 2023-10-25 08:57:30.617 [main] PlatformDependent - -Dio.netty.bitMode: 64 (sun.arch.data.model)
[DEBUG] 2023-10-25 08:57:30.618 [main] PlatformDependent - Platform: Windows
[DEBUG] 2023-10-25 08:57:30.618 [main] PlatformDependent - -Dio.netty.maxDirectMemory: -1 bytes
[DEBUG] 2023-10-25 08:57:30.618 [main] PlatformDependent - -Dio.netty.uninitializedArrayAllocationThreshold: -1
[DEBUG] 2023-10-25 08:57:30.619 [main] CleanerJava9 - java.nio.ByteBuffer.cleaner(): available
[DEBUG] 2023-10-25 08:57:30.619 [main] PlatformDependent - -Dio.netty.noPreferDirect: false
[DEBUG] 2023-10-25 08:57:30.634 [main] PlatformDependent - org.jctools-core.MpscChunkedArrayQueue: available
[DEBUG] 2023-10-25 08:57:30.650 [main] InternalThreadLocalMap - -Dio.netty.threadLocalMap.stringBuilder.initialSize: 1024
[DEBUG] 2023-10-25 08:57:30.650 [main] InternalThreadLocalMap - -Dio.netty.threadLocalMap.stringBuilder.maxSize: 4096
[DEBUG] 2023-10-25 08:57:30.701 [main] JdkSslContext - Default protocols (JDK): [TLSv1.3, TLSv1.2] 
[DEBUG] 2023-10-25 08:57:30.701 [main] JdkSslContext - Default cipher suites (JDK): [TLS_ECDHE_ECDSA_WITH_AES_256_GCM_SHA384, TLS_ECDHE_ECDSA_WITH_AES_128_GCM_SHA256, TLS_ECDHE_RSA_WITH_AES_128_GCM_SHA256, TLS_ECDHE_RSA_WITH_AES_256_GCM_SHA384, TLS_ECDHE_RSA_WITH_AES_128_CBC_SHA, TLS_ECDHE_RSA_WITH_AES_256_CBC_SHA, TLS_RSA_WITH_AES_128_GCM_SHA256, TLS_RSA_WITH_AES_128_CBC_SHA, TLS_RSA_WITH_AES_256_CBC_SHA, TLS_AES_128_GCM_SHA256, TLS_AES_256_GCM_SHA384]
[DEBUG] 2023-10-25 08:57:30.725 [main] MultithreadEventLoopGroup - -Dio.netty.eventLoopThreads: 16
[DEBUG] 2023-10-25 08:57:30.732 [main] NioEventLoop - -Dio.netty.noKeySetOptimization: false
[DEBUG] 2023-10-25 08:57:30.732 [main] NioEventLoop - -Dio.netty.selectorAutoRebuildThreshold: 512
[DEBUG] 2023-10-25 08:57:30.775 [main] PooledByteBufAllocator - -Dio.netty.allocator.numHeapArenas: 16
[DEBUG] 2023-10-25 08:57:30.775 [main] PooledByteBufAllocator - -Dio.netty.allocator.numDirectArenas: 16
[DEBUG] 2023-10-25 08:57:30.775 [main] PooledByteBufAllocator - -Dio.netty.allocator.pageSize: 8192
[DEBUG] 2023-10-25 08:57:30.775 [main] PooledByteBufAllocator - -Dio.netty.allocator.maxOrder: 9
[DEBUG] 2023-10-25 08:57:30.775 [main] PooledByteBufAllocator - -Dio.netty.allocator.chunkSize: 4194304
[DEBUG] 2023-10-25 08:57:30.775 [main] PooledByteBufAllocator - -Dio.netty.allocator.smallCacheSize: 256
[DEBUG] 2023-10-25 08:57:30.775 [main] PooledByteBufAllocator - -Dio.netty.allocator.normalCacheSize: 64
[DEBUG] 2023-10-25 08:57:30.776 [main] PooledByteBufAllocator - -Dio.netty.allocator.maxCachedBufferCapacity: 32768
[DEBUG] 2023-10-25 08:57:30.776 [main] PooledByteBufAllocator - -Dio.netty.allocator.cacheTrimInterval: 8192
[DEBUG] 2023-10-25 08:57:30.776 [main] PooledByteBufAllocator - -Dio.netty.allocator.cacheTrimIntervalMillis: 0
[DEBUG] 2023-10-25 08:57:30.776 [main] PooledByteBufAllocator - -Dio.netty.allocator.useCacheForAllThreads: false
[DEBUG] 2023-10-25 08:57:30.776 [main] PooledByteBufAllocator - -Dio.netty.allocator.maxCachedByteBuffersPerChunk: 1023
[DEBUG] 2023-10-25 08:57:30.784 [main] ByteBufUtil - -Dio.netty.allocator.type: pooled
[DEBUG] 2023-10-25 08:57:30.785 [main] ByteBufUtil - -Dio.netty.threadLocalDirectBufferSize: 0
[DEBUG] 2023-10-25 08:57:30.785 [main] ByteBufUtil - -Dio.netty.maxThreadLocalCharBufferSize: 16384
[DEBUG] 2023-10-25 08:57:31.042 [Forwarding newSession on session null to remote] DefaultChannelId - -Dio.netty.processId: 17060 (auto-detected)
[DEBUG] 2023-10-25 08:57:31.044 [Forwarding newSession on session null to remote] NetUtil - -Djava.net.preferIPv4Stack: false
[DEBUG] 2023-10-25 08:57:31.044 [Forwarding newSession on session null to remote] NetUtil - -Djava.net.preferIPv6Addresses: false
[DEBUG] 2023-10-25 08:57:31.062 [Forwarding newSession on session null to remote] NetUtilInitializations - Loopback interface: lo (Software Loopback Interface 1, 127.0.0.1)
[DEBUG] 2023-10-25 08:57:31.063 [Forwarding newSession on session null to remote] NetUtil - Failed to get SOMAXCONN from sysctl and file \proc\sys\net\core\somaxconn. Default: 200
[DEBUG] 2023-10-25 08:57:31.090 [Forwarding newSession on session null to remote] DefaultChannelId - -Dio.netty.machineId: f8:5e:a0:ff:fe:df:36:53 (auto-detected)
[DEBUG] 2023-10-25 08:57:31.134 [AsyncHttpClient-1-2] AbstractByteBuf - -Dio.netty.buffer.checkAccessible: true
[DEBUG] 2023-10-25 08:57:31.134 [AsyncHttpClient-1-2] AbstractByteBuf - -Dio.netty.buffer.checkBounds: true
[DEBUG] 2023-10-25 08:57:31.134 [AsyncHttpClient-1-2] ResourceLeakDetectorFactory - Loaded default ResourceLeakDetector: io.netty.util.ResourceLeakDetector@1d054e29
[DEBUG] 2023-10-25 08:57:31.156 [AsyncHttpClient-1-2] Recycler - -Dio.netty.recycler.maxCapacityPerThread: 4096
[DEBUG] 2023-10-25 08:57:31.156 [AsyncHttpClient-1-2] Recycler - -Dio.netty.recycler.ratio: 8
[DEBUG] 2023-10-25 08:57:31.156 [AsyncHttpClient-1-2] Recycler - -Dio.netty.recycler.chunkSize: 32
[DEBUG] 2023-10-25 08:57:31.156 [AsyncHttpClient-1-2] Recycler - -Dio.netty.recycler.blocking: false
[DEBUG] 2023-10-25 08:57:33.108 [AsyncHttpClient-1-2] Brotli - brotli4j not in the classpath; Brotli support will be unavailable.
]]></system-out>
    <system-err><![CDATA[SLF4J: Failed to load class "org.slf4j.impl.StaticLoggerBinder".
SLF4J: Defaulting to no-operation (NOP) logger implementation
SLF4J: See http://www.slf4j.org/codes.html#StaticLoggerBinder for further details.
1698204450876	geckodriver	INFO	Listening on 127.0.0.1:15496
1698204451178	mozrunner::runner	INFO	Running command: "C:\\Program Files (x86)\\Mozilla Firefox\\firefox.exe" "--marionette" "--remote-debugging-port" "22914" "-- ... ocalhost:22914/,http://[::1]:22914/" "-no-remote" "-profile" "C:\\Users\\Lenovo\\AppData\\Local\\Temp\\rust_mozprofilewRIht2"
console.warn: services.settings: Ignoring preference override of remote settings server
console.warn: services.settings: Allow by setting MOZ_REMOTE_SETTINGS_DEVTOOLS=1 in the environment
1698204451645	Marionette	INFO	Marionette enabled
Dynamically enable window occlusion 0
1698204451726	Marionette	INFO	Listening on port 62564
WebDriver BiDi listening on ws://127.0.0.1:22914
Read port: 62564
1698204451930	RemoteAgent	WARN	TLS certificate errors will be ignored for this session
DevTools listening on ws://127.0.0.1:22914/devtools/browser/73e806ac-3b54-4cd7-8fea-87b7aad1cb54
]]></system-err>
  </testcase>
  <testcase name="validateTitle" classname="com.grampower.testcases.TC_GrampowerLoginPageTest" time="0">
    <skipped message="Cannot invoke &quot;org.openqa.selenium.WebDriver.findElement(org.openqa.selenium.By)&quot; because &quot;this.ldriver&quot; is null"/>
    <system-out><![CDATA[Name of test method started:validateTitle
Name of test method skipped:validateTitle
]]></system-out>
  </testcase>
  <testcase name="verifyLogin" classname="com.grampower.testcases.TC_GrampowerLoginPageTest" time="0">
    <skipped message="Cannot invoke &quot;org.openqa.selenium.WebDriver.findElement(org.openqa.selenium.By)&quot; because &quot;this.ldriver&quot; is null"/>
    <system-out><![CDATA[Name of test method started:verifyLogin
Name of test method skipped:verifyLogin
]]></system-out>
  </testcase>
  <testcase name="teardown" classname="com.grampower.testcases.TC_GrampowerLoginPageTest" time="0">
    <skipped/>
  </testcase>
  <testcase name="setup" classname="com.grampower.testcases.TC_DashboardPageTest" time="2.093">
    <failure message="Cannot invoke &quot;org.openqa.selenium.WebDriver.findElement(org.openqa.selenium.By)&quot; because &quot;this.ldriver&quot; is null" type="java.lang.NullPointerException"><![CDATA[java.lang.NullPointerException: Cannot invoke "org.openqa.selenium.WebDriver.findElement(org.openqa.selenium.By)" because "this.ldriver" is null
	at com.grampower.pageobject.validateMeterCount.<init>(validateMeterCount.java:35)
	at com.grampower.testcases.BaseClass.setup(BaseClass.java:112)
	at java.base/jdk.internal.reflect.DirectMethodHandleAccessor.invoke(DirectMethodHandleAccessor.java:104)
	at java.base/java.lang.reflect.Method.invoke(Method.java:577)
	at org.testng.internal.MethodInvocationHelper.invokeMethod(MethodInvocationHelper.java:133)
	at org.testng.internal.MethodInvocationHelper.invokeMethodConsideringTimeout(MethodInvocationHelper.java:62)
	at org.testng.internal.ConfigInvoker.invokeConfigurationMethod(ConfigInvoker.java:385)
	at org.testng.internal.ConfigInvoker.invokeConfigurations(ConfigInvoker.java:321)
	at org.testng.internal.TestMethodWorker.invokeBeforeClassMethods(TestMethodWorker.java:176)
	at org.testng.internal.TestMethodWorker.run(TestMethodWorker.java:122)
	at java.base/java.util.ArrayList.forEach(ArrayList.java:1511)
	at org.testng.TestRunner.privateRun(TestRunner.java:794)
	at org.testng.TestRunner.run(TestRunner.java:596)
	at org.testng.SuiteRunner.runTest(SuiteRunner.java:377)
	at org.testng.SuiteRunner.runSequentially(SuiteRunner.java:371)
	at org.testng.SuiteRunner.privateRun(SuiteRunner.java:332)
	at org.testng.SuiteRunner.run(SuiteRunner.java:276)
	at org.testng.SuiteRunnerWorker.runSuite(SuiteRunnerWorker.java:53)
	at org.testng.SuiteRunnerWorker.run(SuiteRunnerWorker.java:96)
	at org.testng.TestNG.runSuitesSequentially(TestNG.java:1212)
	at org.testng.TestNG.runSuitesLocally(TestNG.java:1134)
	at org.testng.TestNG.runSuites(TestNG.java:1063)
	at org.testng.TestNG.run(TestNG.java:1031)
	at org.apache.maven.surefire.testng.TestNGExecutor.run(TestNGExecutor.java:324)
	at org.apache.maven.surefire.testng.TestNGXmlTestSuite.execute(TestNGXmlTestSuite.java:74)
	at org.apache.maven.surefire.testng.TestNGProvider.invoke(TestNGProvider.java:123)
	at org.apache.maven.surefire.booter.ForkedBooter.runSuitesInProcess(ForkedBooter.java:456)
	at org.apache.maven.surefire.booter.ForkedBooter.execute(ForkedBooter.java:169)
	at org.apache.maven.surefire.booter.ForkedBooter.run(ForkedBooter.java:595)
	at org.apache.maven.surefire.booter.ForkedBooter.main(ForkedBooter.java:581)
]]></failure>
    <system-err><![CDATA[1698204453397	geckodriver	INFO	Listening on 127.0.0.1:27077
1698204453431	mozrunner::runner	INFO	Running command: "C:\\Program Files (x86)\\Mozilla Firefox\\firefox.exe" "--marionette" "--remote-debugging-port" "27347" "-- ... ocalhost:27347/,http://[::1]:27347/" "-no-remote" "-profile" "C:\\Users\\Lenovo\\AppData\\Local\\Temp\\rust_mozprofilexTLxxy"
console.warn: services.settings: Ignoring preference override of remote settings server
console.warn: services.settings: Allow by setting MOZ_REMOTE_SETTINGS_DEVTOOLS=1 in the environment
1698204453853	Marionette	INFO	Marionette enabled
Dynamically enable window occlusion 0
1698204453931	Marionette	INFO	Listening on port 62584
WebDriver BiDi listening on ws://127.0.0.1:27347
Read port: 62584
1698204454121	RemoteAgent	WARN	TLS certificate errors will be ignored for this session
DevTools listening on ws://127.0.0.1:27347/devtools/browser/5074309e-3596-4469-a1db-fec159db6be5
]]></system-err>
  </testcase>
  <testcase name="dashLogin" classname="com.grampower.testcases.TC_DashboardPageTest" time="0">
    <skipped message="Cannot invoke &quot;org.openqa.selenium.WebDriver.findElement(org.openqa.selenium.By)&quot; because &quot;this.ldriver&quot; is null"/>
    <system-out><![CDATA[Name of test method started:dashLogin
Name of test method skipped:dashLogin
]]></system-out>
  </testcase>
  <testcase name="dashHandlePopup" classname="com.grampower.testcases.TC_DashboardPageTest" time="0">
    <skipped message="Cannot invoke &quot;org.openqa.selenium.WebDriver.findElement(org.openqa.selenium.By)&quot; because &quot;this.ldriver&quot; is null"/>
    <system-out><![CDATA[Name of test method started:dashHandlePopup
Name of test method skipped:dashHandlePopup
]]></system-out>
  </testcase>
  <testcase name="recentlyAssigned" classname="com.grampower.testcases.TC_DashboardPageTest" time="0">
    <skipped message="Cannot invoke &quot;org.openqa.selenium.WebDriver.findElement(org.openqa.selenium.By)&quot; because &quot;this.ldriver&quot; is null"/>
    <system-out><![CDATA[Name of test method started:recentlyAssigned
Name of test method skipped:recentlyAssigned
]]></system-out>
  </testcase>
  <testcase name="teardown" classname="com.grampower.testcases.TC_DashboardPageTest" time="0">
    <skipped/>
  </testcase>
</testsuite>